  Hallo from Speedy_AGCM
 calling INIFFT
 calling INDYNS
  Model half-level (*1000)           1           0
  Model half-level (*1000)           2          50
  Model half-level (*1000)           3         140
  Model half-level (*1000)           4         260
  Model half-level (*1000)           5         420
  Model half-level (*1000)           6         600
  Model half-level (*1000)           7         770
  Model half-level (*1000)           8         900
  Model half-level (*1000)           9        1000
  Model full-level (*1000)           1          25
  Model full-level (*1000)           2          95
  Model full-level (*1000)           3         200
  Model full-level (*1000)           4         340
  Model full-level (*1000)           5         510
  Model full-level (*1000)           6         685
  Model full-level (*1000)           7         835
  Model full-level (*1000)           8         950
  temp/hum correction at level            2  0.66167368341273969        0.0000000000000000     
  temp/hum correction at level            3  0.75399289734237440        8.0000000000000019E-003
  temp/hum correction at level            4  0.82755908289241631        3.9303999999999992E-002
  temp/hum correction at level            5  0.88857447279504564       0.13265100000000002     
  temp/hum correction at level            6  0.93577679872957287       0.32141912500000008     
  temp/hum correction at level            7  0.96885785555841186       0.58218287499999988     
  temp/hum correction at level            8  0.99104107712276879       0.85737499999999989     
 calling INPHYS
 calling INBCON
  read orography
  read fractional land-sea mask
  read surface albedo
  reading land-surface temp.
  checking land-surface temp.
  field:            1    no. of faulty points:           0
  field:            2    no. of faulty points:           0
  field:            3    no. of faulty points:           0
  field:            4    no. of faulty points:           0
  field:            5    no. of faulty points:           0
  field:            6    no. of faulty points:           0
  field:            7    no. of faulty points:           0
  field:            8    no. of faulty points:           0
  field:            9    no. of faulty points:           0
  field:           10    no. of faulty points:           0
  field:           11    no. of faulty points:           0
  field:           12    no. of faulty points:           0
  undefined values set to   273.00000000000000     
  reading snow depth
  checking snow depth
  field:            1    no. of faulty points:           0
  field:            2    no. of faulty points:           0
  field:            3    no. of faulty points:           0
  field:            4    no. of faulty points:           0
  field:            5    no. of faulty points:           0
  field:            6    no. of faulty points:           0
  field:            7    no. of faulty points:           0
  field:            8    no. of faulty points:           0
  field:            9    no. of faulty points:           0
  field:           10    no. of faulty points:           0
  field:           11    no. of faulty points:           0
  field:           12    no. of faulty points:           0
  undefined values set to   0.0000000000000000     
  reading soil moisture
  checking soil moisture
  field:            1    no. of faulty points:           2
  field:            2    no. of faulty points:           2
  field:            3    no. of faulty points:           2
  field:            4    no. of faulty points:           2
  field:            5    no. of faulty points:           2
  field:            6    no. of faulty points:           2
  field:            7    no. of faulty points:           2
  field:            8    no. of faulty points:           2
  field:            9    no. of faulty points:           2
  field:           10    no. of faulty points:           2
  field:           11    no. of faulty points:           2
  field:           12    no. of faulty points:           2
  undefined values set to   0.0000000000000000     
  reading sst
  checking sst
  field:            1    no. of faulty points:           0
  field:            2    no. of faulty points:           0
  field:            3    no. of faulty points:           0
  field:            4    no. of faulty points:           0
  field:            5    no. of faulty points:           0
  field:            6    no. of faulty points:           0
  field:            7    no. of faulty points:           0
  field:            8    no. of faulty points:           0
  field:            9    no. of faulty points:           0
  field:           10    no. of faulty points:           0
  field:           11    no. of faulty points:           0
  field:           12    no. of faulty points:           0
  undefined values set to   273.00000000000000     
  reading sea ice
  checking sea ice
  field:            1    no. of faulty points:           0
  field:            2    no. of faulty points:           0
  field:            3    no. of faulty points:           0
  field:            4    no. of faulty points:           0
  field:            5    no. of faulty points:           0
  field:            6    no. of faulty points:           0
  field:            7    no. of faulty points:           0
  field:            8    no. of faulty points:           0
  field:            9    no. of faulty points:           0
  field:           10    no. of faulty points:           0
  field:           11    no. of faulty points:           0
  field:           12    no. of faulty points:           0
  undefined values set to   0.0000000000000000     
  reading sst anomalies
  checking sst anomalies
  field:            1    no. of faulty points:           0
  field:            2    no. of faulty points:           0
  field:            3    no. of faulty points:           0
  undefined values set to   0.0000000000000000     
 calling INIRDF
 calling INVARS
  starting from rest
  Q0 jlat =            1   2.9258581625926361     
  Q0 jlat =            2   3.4257932422847546     
  Q0 jlat =            3   2.9435340936778047     
  Q0 jlat =            4   2.8884286472449090     
  Q0 jlat =            5   4.5845596215994417     
  Q0 jlat =            6   7.2213011535710097     
  Q0 jlat =            7   7.9739519532738159     
  Q0 jlat =            8   7.7247540417348288     
  Q0 jlat =            9   7.7372861628523104     
  Q0 jlat =           10   7.6530838953865326     
  Q0 jlat =           11   7.6787151235096607     
  Q0 jlat =           12   7.8365631691178690     
  Q0 jlat =           13   7.7218167670149489     
  Q0 jlat =           14   7.7153225036440620     
  Q0 jlat =           15   7.9591972204142909     
  Q0 jlat =           16   7.8444909308415260     
  Q0 jlat =           17   7.5459063763951866     
  Q0 jlat =           18   7.5332120261768312     
  Q0 jlat =           19   7.5036342197711070     
  Q0 jlat =           20   7.4378614630320392     
  Q0 jlat =           21   7.6532534810665398     
  Q0 jlat =           22   7.7562972238030516     
  Q0 jlat =           23   7.5638859542998720     
  Q0 jlat =           24   7.6359299274612171     
  Q0 jlat =           25   7.8020019724007703     
  Q0 jlat =           26   7.4682107600458529     
  Q0 jlat =           27   7.0420544116271655     
  Q0 jlat =           28   6.9442428563644061     
  Q0 jlat =           29   6.9016576125868143     
  Q0 jlat =           30   6.8418464178225715     
  Q0 jlat =           31   6.8046501494163829     
  Q0 jlat =           32   6.4857107590143048     
  Q0 jlat =           33   6.0534259078653294     
  Q0 jlat =           34   6.0620563192260928     
  Q0 jlat =           35   6.4502602276736356     
  Q0 jlat =           36   6.7592330831639158     
  Q0 jlat =           37   6.9794010224021710     
  Q0 jlat =           38   7.3394997864356997     
  Q0 jlat =           39   7.7163621669202973     
  Q0 jlat =           40   7.7630883992231574     
  Q0 jlat =           41   7.4310385569248929     
  Q0 jlat =           42   7.2504008548761458     
  Q0 jlat =           43   7.6907500633994204     
  Q0 jlat =           44   8.3379175327443740     
  Q0 jlat =           45   8.3896412625237495     
  Q0 jlat =           46   8.0782599917659237     
  Q0 jlat =           47   8.0026966894450169     
  Q0 jlat =           48   8.0124182343517791     
 vertical scale factor at level            3   8.0000000000000019E-003
 vertical scale factor at level            4   3.9303999999999992E-002
 vertical scale factor at level            5  0.13265100000000002     
 vertical scale factor at level            6  0.32141912500000008     
 vertical scale factor at level            7  0.58218287499999988     
 vertical scale factor at level            8  0.85737499999999989     
 step =     0 reke =    0.00    0.00    0.00    0.00    0.00    0.00    0.00    0.00
              deke =    0.00    0.00    0.00    0.00    0.00    0.00    0.00    0.00
              temp =  216.00  216.00  216.10  237.19  254.67  268.20  277.68  284.04
 calling DMFLUX
 calling DMOUT
 calling TMOUT
 inside TMOUT
  reset to zero
 end of TMOUT
 calling SETCTL
 calling SETCTL_D
  instep: initial time step
  semi-impl. initialization
   Tref =    217.14995443460384     
   Tref =    217.14995443460384     
   Tref =    217.14995443460384     
   Tref =    238.33701587301590     
   Tref =    255.90944816497316     
   Tref =    269.50371803411701     
   Tref =    279.03106240082263     
   Tref =    285.41983021135741     
  forward half-step
  semi-impl. initialization
   Tref =    217.14995443460384     
   Tref =    217.14995443460384     
   Tref =    217.14995443460384     
   Tref =    238.33701587301590     
   Tref =    255.90944816497316     
   Tref =    269.50371803411701     
   Tref =    279.03106240082263     
   Tref =    285.41983021135741     
  leapfrog half-step
  semi-impl. initialization
   Tref =    217.14995443460384     
   Tref =    217.14995443460384     
   Tref =    217.14995443460384     
   Tref =    238.33701587301590     
   Tref =    255.90944816497316     
   Tref =    269.50371803411701     
   Tref =    279.03106240082263     
   Tref =    285.41983021135741     
 Integration length in days:           90
  Start of year/month =         1979           1
 step =   180 reke =    2.25    8.00   27.30   19.83    4.95    4.68    8.60    7.46
              deke =    0.84    1.34    3.76    2.47    1.02    0.96    1.84    3.13
              temp =  212.55  214.03  217.19  235.90  257.28  270.71  279.27  284.16
 step =   360 reke =    5.03   28.82   79.91   59.18   21.37   16.20   20.08   19.67
              deke =    0.75    2.49    8.65    5.97    1.92    1.71    2.30    4.46
              temp =  209.74  212.47  219.34  238.11  256.26  270.86  278.88  283.80
 step =   540 reke =   15.64   62.71  122.92  101.03   51.00   27.98   31.48   32.89
              deke =    0.52    4.61    9.41    5.81    2.84    1.85    2.59    4.80
              temp =  207.42  211.27  219.95  239.37  256.83  270.67  278.64  283.48
 step =   720 reke =   50.71  110.47  176.89  154.14   87.61   48.70   42.61   41.30
              deke =    0.67    6.78   15.48    8.12    6.22    4.22    4.20    6.64
              temp =  205.40  210.29  220.49  239.54  257.66  270.71  278.58  283.46
 step =   900 reke =   46.17  124.83  205.15  187.18  106.75   56.65   48.14   46.39
              deke =    1.27    7.42   17.54    6.85    5.37    3.99    4.44    7.62
              temp =  203.61  209.59  220.84  240.11  257.88  271.07  278.68  283.60
 step =  1080 reke =   74.08  160.73  249.96  187.26  104.09   51.92   41.61   41.70
              deke =    1.51   10.94   14.09    9.25    5.13    3.78    3.54    5.54
              temp =  202.13  208.96  221.27  240.36  258.01  271.07  278.70  283.67
 inside TMOUT
  write model output
  reset to zero
 end of TMOUT
  field:            1    no. of faulty points:           0
  undefined values set to   0.0000000000000000     
  Start of year/month =         1979           2
 step =  1260 reke =   97.78  177.12  234.17  178.63   97.82   47.86   42.97   43.77
              deke =    2.89   12.81   12.73    8.10    5.01    3.14    4.31    6.99
              temp =  200.82  208.33  221.65  240.84  257.98  271.03  278.72  283.70
 step =  1440 reke =  156.77  156.48  222.15  176.48  105.79   56.89   45.33   41.96
              deke =    2.47   10.96   13.00    8.62    4.43    2.66    3.59    6.30
              temp =  199.63  207.86  222.02  240.96  258.44  271.34  278.87  283.73
 step =  1620 reke =  115.84  123.22  200.33  166.34   93.38   47.18   36.54   38.02
              deke =    2.31   10.85   12.31    9.31    4.65    2.89    2.57    5.51
              temp =  198.48  207.61  221.81  241.03  258.49  271.57  279.13  284.01
 step =  1800 reke =  125.45  136.19  196.71  157.92   85.12   46.76   40.94   41.23
              deke =    3.12   10.53   10.97    7.46    3.21    2.63    3.07    5.80
              temp =  197.47  207.39  221.70  240.86  258.28  271.34  279.10  284.04
 step =  1980 reke =  136.24  120.52  203.00  167.20   91.50   44.26   37.81   38.44
              deke =    3.05    6.25   13.07    7.29    3.74    2.30    2.95    6.55
              temp =  196.58  207.28  221.81  241.36  258.51  271.42  278.96  284.09
 inside TMOUT
  write model output
  reset to zero
 end of TMOUT
  field:            1    no. of faulty points:           0
  undefined values set to   0.0000000000000000     
  Start of year/month =         1979           3
 step =  2160 reke =  128.23  116.00  159.46  164.95  102.81   53.71   44.46   44.02
              deke =    1.97    7.01   12.35    8.83    3.74    2.32    3.34    6.81
              temp =  195.81  207.12  221.82  241.47  258.42  271.28  278.98  284.11
 step =  2340 reke =  136.23  141.20  196.34  171.15   92.45   45.04   32.95   33.09
              deke =    1.84    7.71    8.58    5.12    2.56    2.23    2.70    4.97
              temp =  195.19  206.96  222.09  241.97  258.47  271.29  279.01  284.21
 step =  2520 reke =  106.01  226.98  253.40  186.96   96.43   48.09   40.09   42.00
              deke =    1.35   20.70   14.97    7.19    3.28    2.33    3.18    6.03
              temp =  194.73  206.66  222.36  242.14  258.55  271.21  279.09  284.37
 step =  2700 reke =   63.14  132.97  189.15  154.36   95.19   49.67   40.35   42.89
              deke =    1.63   10.37   10.32    5.67    3.72    2.52    2.81    6.26
              temp =  194.25  206.61  222.04  241.97  258.90  271.53  279.36  284.66
 step =  2880 reke =   59.18  115.93  169.59  150.10   85.21   45.12   38.15   40.13
              deke =    1.67    7.09    8.58    5.29    3.09    1.68    2.28    4.85
              temp =  193.67  206.55  222.01  242.10  258.27  271.37  279.40  284.82
 step =  3060 reke =   53.83   97.91  189.95  167.08   93.56   49.28   44.39   48.21
              deke =    1.72    9.41   12.17    6.57    2.79    2.23    3.33    7.06
              temp =  193.24  206.53  221.87  241.99  258.65  271.64  279.54  284.82
 step =  3240 reke =   54.69  117.19  194.95  191.11  107.67   52.40   41.62   44.22
              deke =    1.41   10.10    9.87    5.61    3.01    1.90    2.32    6.06
              temp =  192.85  206.53  221.82  242.36  258.80  271.76  279.53  284.84
 inside TMOUT
  write model output
  reset to zero
 end of TMOUT
  field:            1    no. of faulty points:           0
  undefined values set to   0.0000000000000000     
 Write restart dataset for year/month:         1979           4
