  Hallo from Speedy_AGCM
 calling INIFFT
 calling INDYNS
  Model half-level (*1000)           1           0
  Model half-level (*1000)           2          50
  Model half-level (*1000)           3         140
  Model half-level (*1000)           4         260
  Model half-level (*1000)           5         420
  Model half-level (*1000)           6         600
  Model half-level (*1000)           7         770
  Model half-level (*1000)           8         900
  Model half-level (*1000)           9        1000
  Model full-level (*1000)           1          25
  Model full-level (*1000)           2          95
  Model full-level (*1000)           3         200
  Model full-level (*1000)           4         340
  Model full-level (*1000)           5         510
  Model full-level (*1000)           6         685
  Model full-level (*1000)           7         835
  Model full-level (*1000)           8         950
  temp/hum correction at level            2  0.66167368341273969        0.0000000000000000     
  temp/hum correction at level            3  0.75399289734237440        8.0000000000000019E-003
  temp/hum correction at level            4  0.82755908289241631        3.9303999999999992E-002
  temp/hum correction at level            5  0.88857447279504564       0.13265100000000002     
  temp/hum correction at level            6  0.93577679872957287       0.32141912500000008     
  temp/hum correction at level            7  0.96885785555841186       0.58218287499999988     
  temp/hum correction at level            8  0.99104107712276879       0.85737499999999989     
 calling INPHYS
 calling INBCON
  read orography
  read fractional land-sea mask
  read surface albedo
 calling INIRDF
 calling INVARS
  starting from rest
  Q0 jlat =            1   7.6942391743545961     
  Q0 jlat =            2   7.6942391743545961     
  Q0 jlat =            3   7.6942391743545961     
  Q0 jlat =            4   7.6942391743545961     
  Q0 jlat =            5   7.6942391743545961     
  Q0 jlat =            6   7.6942391743545961     
  Q0 jlat =            7   7.6942391743545961     
  Q0 jlat =            8   7.6942391743545961     
  Q0 jlat =            9   7.6942391743545961     
  Q0 jlat =           10   7.6942391743545961     
  Q0 jlat =           11   7.6942391743545961     
  Q0 jlat =           12   7.6942391743545961     
  Q0 jlat =           13   7.6942391743545961     
  Q0 jlat =           14   7.6942391743545961     
  Q0 jlat =           15   7.6942391743545961     
  Q0 jlat =           16   7.6942391743545961     
  Q0 jlat =           17   7.6942391743545961     
  Q0 jlat =           18   7.6942391743545961     
  Q0 jlat =           19   7.6942391743545961     
  Q0 jlat =           20   7.6942391743545961     
  Q0 jlat =           21   7.6942391743545961     
  Q0 jlat =           22   7.6942391743545961     
  Q0 jlat =           23   7.6942391743545961     
  Q0 jlat =           24   7.6942391743545961     
  Q0 jlat =           25   7.6942391743545961     
  Q0 jlat =           26   7.6942391743545961     
  Q0 jlat =           27   7.6942391743545961     
  Q0 jlat =           28   7.6942391743545961     
  Q0 jlat =           29   7.6942391743545961     
  Q0 jlat =           30   7.6942391743545961     
  Q0 jlat =           31   7.6942391743545961     
  Q0 jlat =           32   7.6942391743545961     
  Q0 jlat =           33   7.6942391743545961     
  Q0 jlat =           34   7.6942391743545961     
  Q0 jlat =           35   7.6942391743545961     
  Q0 jlat =           36   7.6942391743545961     
  Q0 jlat =           37   7.6942391743545961     
  Q0 jlat =           38   7.6942391743545961     
  Q0 jlat =           39   7.6942391743545961     
  Q0 jlat =           40   7.6942391743545961     
  Q0 jlat =           41   7.6942391743545961     
  Q0 jlat =           42   7.6942391743545961     
  Q0 jlat =           43   7.6942391743545961     
  Q0 jlat =           44   7.6942391743545961     
  Q0 jlat =           45   7.6942391743545961     
  Q0 jlat =           46   7.6942391743545961     
  Q0 jlat =           47   7.6942391743545961     
  Q0 jlat =           48   7.6942391743545961     
 vertical scale factor at level            3   8.0000000000000019E-003
 vertical scale factor at level            4   3.9303999999999992E-002
 vertical scale factor at level            5  0.13265100000000002     
 vertical scale factor at level            6  0.32141912500000008     
 vertical scale factor at level            7  0.58218287499999988     
 vertical scale factor at level            8  0.85737499999999989     
 step =     0 reke =    0.00    0.00    0.00    0.00    0.00    0.00    0.00    0.00
              deke =    0.00    0.00    0.00    0.00    0.00    0.00    0.00    0.00
              temp =  216.00  216.00  217.15  238.34  255.91  269.50  279.03  285.42
 calling DMFLUX
 calling DMOUT
 calling TMOUT
 inside TMOUT
  reset to zero
 end of TMOUT
 calling SETCTL
 calling SETCTL_D
  instep: initial time step
  semi-impl. initialization
   Tref =    217.14995443460384     
   Tref =    217.14995443460384     
   Tref =    217.14995443460384     
   Tref =    238.33701587301590     
   Tref =    255.90944816497316     
   Tref =    269.50371803411701     
   Tref =    279.03106240082263     
   Tref =    285.41983021135741     
  forward half-step
  semi-impl. initialization
   Tref =    217.14995443460384     
   Tref =    217.14995443460384     
   Tref =    217.14995443460384     
   Tref =    238.33701587301590     
   Tref =    255.90944816497316     
   Tref =    269.50371803411701     
   Tref =    279.03106240082263     
   Tref =    285.41983021135741     
  leapfrog half-step
  semi-impl. initialization
   Tref =    217.14995443460384     
   Tref =    217.14995443460384     
   Tref =    217.14995443460384     
   Tref =    238.33701587301590     
   Tref =    255.90944816497316     
   Tref =    269.50371803411701     
   Tref =    279.03106240082263     
   Tref =    285.41983021135741     
 Integration length in days:           90
  Start of year/month =         2000           1
 Day            1
 mean ocean T    19.056279014130382        30.882967298406832        9024.1969591825309     
 Day            2
 mean ocean T    18.951165594088479        30.882967298406832        9020.9507448687527     
 Day            3
 mean ocean T    18.863168897061087        30.882967298406832        9018.2331457520886     
 Day            4
 mean ocean T    18.783689119541577        30.882967298406832        9015.7785743820677     
 step =   180 reke =    1.06    1.41    2.73    1.06    0.68    1.07    1.40    0.67
              deke =    1.59    2.71    1.10    0.61    0.21    0.52    0.76    0.47
              temp =  216.99  215.77  225.24  243.38  263.72  275.10  284.02  288.55
 Day            5
 mean ocean T    18.715135969633934        30.882967298406832        9013.6614496952679     
 Day            6
 mean ocean T    18.666016257944079        30.882967298406832        9012.1444872454431     
 Day            7
 mean ocean T    18.630821620064069        30.882967298406832        9011.0575723947150     
 Day            8
 mean ocean T    18.608649134651557        30.882967298406832        9010.3728202527964     
 Day            9
 mean ocean T    18.596284871908438        30.882967298406832        9009.9909751308314     
 step =   360 reke =    1.62    8.97   16.14   10.48    3.87    2.09    3.30    4.19
              deke =    0.73    4.38    3.47    1.65    0.42    0.44    0.62    1.29
              temp =  217.98  215.80  229.01  246.28  262.93  275.39  283.84  288.57
 Day           10
 mean ocean T    18.587107311521095        30.882967298406832        9009.7075448335108     
 Day           11
 mean ocean T    18.582251935048930        30.882967298406832        9009.5575964006985     
 Day           12
 mean ocean T    18.566458483500298        30.882967298406832        9009.0698477529932     
 Day           13
 mean ocean T    18.533908604915894        30.882967298406832        9008.0646109171048     
 Day           14
 mean ocean T    18.499664972400012        30.882967298406832        9007.0070659339381     
 step =   540 reke =    6.48   31.65  124.36   91.57   44.02   32.05   39.74   46.34
              deke =    0.43    8.84   22.28    9.48    2.82    1.62    2.74    7.21
              temp =  218.94  215.89  229.35  249.27  264.22  276.48  283.94  288.68
 Day           15
 mean ocean T    18.472850567220632        30.882967298406832        9006.1789575356561     
 Day           16
 mean ocean T    18.445618424092572        30.882967298406832        9005.3379481499669     
 Day           17
 mean ocean T    18.409882424523062        30.882967298406832        9004.2343144438855     
 Day           18
 mean ocean T    18.388250595952229        30.882967298406832        9003.5662593895286     
 Day           19
 mean ocean T    18.367307657437323        30.882967298406832        9002.9194793042407     
 step =   720 reke =   25.72  113.29  278.20  240.30  136.88   88.69   87.62   94.94
              deke =    0.58   13.36   27.15    8.43    2.58    2.29    3.07    9.27
              temp =  219.87  216.19  229.37  250.89  266.11  276.96  283.99  288.75
 Day           20
 mean ocean T    18.329100588753420        30.882967298406832        9001.7395316515067     
 Day           21
 mean ocean T    18.285771186875593        30.882967298406832        9000.4013911502552     
 Day           22
 mean ocean T    18.246457207302399        30.882967298406832        8999.1872588047245     
 Day           23
 mean ocean T    18.211353964440036        30.882967298406832        8998.1031665033388     
 Day           24
 mean ocean T    18.187808149604507        30.882967298406832        8997.3760018737594     
 step =   900 reke =   66.45  172.41  421.36  284.11  149.93   94.35   80.02   82.96
              deke =    1.08   18.79   32.41    8.90    2.88    2.35    3.06    6.86
              temp =  220.72  217.17  230.03  252.08  267.19  277.95  284.24  288.94
 Day           25
 mean ocean T    18.179141812009732        30.882967298406832        8997.1083596532226     
 Day           26
 mean ocean T    18.182745734669425        30.882967298406832        8997.2196594788675     
 Day           27
 mean ocean T    18.184119188007571        30.882967298406832        8997.2620757933964     
 Day           28
 mean ocean T    18.186287418893471        30.882967298406832        8997.3290371969397     
 Day           29
 mean ocean T    18.188108634837420        30.882967298406832        8997.3852817493807     
 step =  1080 reke =   50.56  132.82  325.44  218.33  119.22   73.80   64.63   66.37
              deke =    0.91   14.47   26.76   10.72    2.45    1.95    2.48    4.99
              temp =  221.45  218.07  230.55  252.46  267.52  278.31  284.44  289.05
 inside TMOUT
  write model output
  reset to zero
 end of TMOUT
 Day           30
 mean ocean T    18.184689325490979        30.882967298406832        8997.2796833306511     
  Start of year/month =         2000           2
 Day           31
 mean ocean T    18.176054090897651        30.882967298406832        8997.0130016630919     
 Day           32
 mean ocean T    18.161410333894253        30.882967298406832        8996.5607589944302     
 Day           33
 mean ocean T    18.126292806815798        30.882967298406832        8995.4762255540645     
 Day           34
 mean ocean T    18.088143553796726        30.882967298406832        8994.2980634206178     
 step =  1260 reke =   85.29  137.34  312.21  175.50   87.95   53.90   49.35   51.99
              deke =    1.04   14.53   23.20    8.56    2.95    1.74    2.09    4.31
              temp =  222.10  218.43  230.79  252.41  266.83  278.18  284.65  289.18
 Day           35
 mean ocean T    18.072850121695012        30.882967298406832        8993.8257568571407     
 Day           36
 mean ocean T    18.076954078217398        30.882967298406832        8993.9524992122151     
 Day           37
 mean ocean T    18.093969217228221        30.882967298406832        8994.4779771938647     
 Day           38
 mean ocean T    18.110679651310988        30.882967298406832        8994.9940449831847     
 Day           39
 mean ocean T    18.106156196676068        30.882967298406832        8994.8543472816182     
 step =  1440 reke =   83.41  150.56  288.30  189.22  103.08   68.87   63.94   66.66
              deke =    1.36   17.13   29.03    9.82    2.99    1.97    2.95    5.53
              temp =  222.71  218.88  230.95  252.49  266.49  277.90  284.54  289.19
 Day           40
 mean ocean T    18.085657799255273        30.882967298406832        8994.2212959444023     
 Day           41
 mean ocean T    18.056127501243168        30.882967298406832        8993.3093127165830     
 Day           42
 mean ocean T    18.042358799354815        30.882967298406832        8992.8840943464238     
 Day           43
 mean ocean T    18.048688346841118        30.882967298406832        8993.0795695544566     
 Day           44
 mean ocean T    18.050838402188049        30.882967298406832        8993.1459696434249     
 step =  1620 reke =   56.95  148.79  329.89  187.43   87.79   52.36   50.00   52.46
              deke =    0.74   13.78   28.06   12.50    3.70    2.67    3.00    5.18
              temp =  223.27  219.17  231.09  252.14  266.63  277.88  284.51  289.14
 Day           45
 mean ocean T    18.066132318357461        30.882967298406832        8993.6182911563501     
 Day           46
 mean ocean T    18.088577096093616        30.882967298406832        8994.3114524931952     
 Day           47
 mean ocean T    18.111336085767391        30.882967298406832        8995.0143176270358     
 Day           48
 mean ocean T    18.107038102093156        30.882967298406832        8994.8815831377742     
 Day           49
 mean ocean T    18.088062481300483        30.882967298406832        8994.2955596613683     
 step =  1800 reke =   33.82  165.49  351.67  230.89  117.96   73.30   67.09   71.62
              deke =    0.72   14.56   29.18    9.35    3.49    2.33    2.90    6.15
              temp =  223.77  219.38  231.07  252.52  266.93  278.21  284.65  289.16
 Day           50
 mean ocean T    18.077202257561567        30.882967298406832        8993.9601637267860     
 Day           51
 mean ocean T    18.068931306550041        30.882967298406832        8993.7047322171693     
 Day           52
 mean ocean T    18.070560110895144        30.882967298406832        8993.7550345284944     
 Day           53
 mean ocean T    18.082558411769810        30.882967298406832        8994.1255776620437     
 Day           54
 mean ocean T    18.094383571702849        30.882967298406832        8994.4907736895548     
 step =  1980 reke =   87.29  177.76  373.18  223.19  114.73   71.08   60.40   60.91
              deke =    1.28   15.51   35.22   10.46    3.90    2.40    3.27    5.49
              temp =  224.17  219.73  231.03  252.31  267.22  278.35  284.84  289.25
 Day           55
 mean ocean T    18.102878364285289        30.882967298406832        8994.7531180910846     
 Day           56
 mean ocean T    18.081180252473530        30.882967298406832        8994.0830160135647     
 Day           57
 mean ocean T    18.051927664095444        30.882967298406832        8993.1796092832901     
 Day           58
 mean ocean T    18.046667225921794        30.882967298406832        8993.0171513431978     
 Day           59
 mean ocean T    18.058024541269390        30.882967298406832        8993.3678989416767     
 step =  2160 reke =   77.03  143.50  254.25  189.42   92.92   57.89   52.36   55.93
              deke =    1.22   18.17   27.14   10.34    3.01    1.68    2.36    4.43
              temp =  224.52  219.79  230.93  251.85  266.70  278.16  284.73  289.23
 inside TMOUT
  write model output
  reset to zero
 end of TMOUT
 Day           60
 mean ocean T    18.069401284013736        30.882967298406832        8993.7192465158114     
  Start of year/month =         2000           3
 Day           61
 mean ocean T    18.068993751420408        30.882967298406832        8993.7066607000597     
 Day           62
 mean ocean T    18.053066777140714        30.882967298406832        8993.2147884742171     
 Day           63
 mean ocean T    18.040350135580979        30.882967298406832        8992.8220608487827     
 Day           64
 mean ocean T    18.031078544412367        30.882967298406832        8992.5357266019182     
 step =  2340 reke =   85.49  105.48  262.80  202.20  114.80   74.31   68.02   68.98
              deke =    1.03   15.97   28.06    9.27    2.98    2.36    2.94    6.07
              temp =  224.84  219.75  230.97  252.04  266.97  278.14  284.76  289.22
 Day           65
 mean ocean T    18.020735202420553        30.882967298406832        8992.2162935094275     
 Day           66
 mean ocean T    18.025819118163099        30.882967298406832        8992.3732999130534     
 Day           67
 mean ocean T    18.055014862145129        30.882967298406832        8993.2749511197035     
 Day           68
 mean ocean T    18.087793126423264        30.882967298406832        8994.2872411835033     
 Day           69
 mean ocean T    18.117305357169698        30.882967298406832        8995.1986664405485     
 step =  2520 reke =   76.42  132.88  278.49  189.13   99.14   65.57   57.41   57.92
              deke =    1.28   15.70   33.87   11.86    3.31    2.75    3.10    5.41
              temp =  225.13  219.83  230.64  252.01  266.82  277.99  284.61  289.17
 Day           70
 mean ocean T    18.131774915730830        30.882967298406832        8995.6455293444142     
 Day           71
 mean ocean T    18.145487925760733        30.882967298406832        8996.0690277847298     
 Day           72
 mean ocean T    18.168890359642717        30.882967298406832        8996.7917643850105     
 Day           73
 mean ocean T    18.192201801380747        30.882967298406832        8997.5116908778855     
 Day           74
 mean ocean T    18.220566057426595        30.882967298406832        8998.3876632697920     
 step =  2700 reke =   63.78  132.25  327.66  196.67   97.28   60.80   56.56   60.44
              deke =    0.95   14.96   27.21   11.24    3.36    2.84    3.15    5.45
              temp =  225.40  219.74  230.67  252.31  266.70  278.04  284.65  289.19
 Day           75
 mean ocean T    18.224759578382816        30.882967298406832        8998.5171716403493     
 Day           76
 mean ocean T    18.216065265773068        30.882967298406832        8998.2486654683398     
 Day           77
 mean ocean T    18.213019074732927        30.882967298406832        8998.1545900500623     
 Day           78
 mean ocean T    18.221780625037127        30.882967298406832        8998.4251727215906     
 Day           79
 mean ocean T    18.240859216534204        30.882967298406832        8999.0143762388943     
 step =  2880 reke =   36.22  134.96  301.65  196.57   99.04   60.75   56.58   57.73
              deke =    1.05   11.97   25.67    9.52    3.49    2.54    3.24    5.35
              temp =  225.61  219.78  230.59  252.34  266.93  278.26  284.76  289.28
 Day           80
 mean ocean T    18.270831742990424        30.882967298406832        8999.9400167932927     
 Day           81
 mean ocean T    18.289799515073526        30.882967298406832        9000.5257978782593     
 Day           82
 mean ocean T    18.280194405781572        30.882967298406832        9000.2291636020982     
 Day           83
 mean ocean T    18.275625025877332        30.882967298406832        9000.0880475919403     
 Day           84
 mean ocean T    18.277835862092388        30.882967298406832        9000.1563247744725     
 step =  3060 reke =   46.56  192.85  422.12  249.11  125.79   72.07   61.72   64.24
              deke =    0.64   20.37   36.25   11.66    3.06    2.71    3.01    6.03
              temp =  225.79  219.79  230.69  252.46  266.94  278.17  284.74  289.23
 Day           85
 mean ocean T    18.284770990157597        30.882967298406832        9000.3705021077203     
 Day           86
 mean ocean T    18.304484081423482        30.882967298406832        9000.9793008606357     
 Day           87
 mean ocean T    18.339602320449785        30.882967298406832        9002.0638562880631     
 Day           88
 mean ocean T    18.370751192061391        30.882967298406832        9003.0258258714257     
 Day           89
 mean ocean T    18.368400352668800        30.882967298406832        9002.9532249753411     
 step =  3240 reke =   63.81  167.80  399.32  236.25  111.94   66.90   59.36   61.32
              deke =    0.95   12.99   26.08    8.59    2.83    2.48    2.92    5.20
              temp =  225.97  219.75  230.90  252.54  267.09  278.30  284.80  289.29
 inside TMOUT
  write model output
  reset to zero
 end of TMOUT
 Day           90
 mean ocean T    18.331092283552778        30.882967298406832        9001.8010410968636     
 Write restart dataset for year/month:         2000           4
